<?xml version="1.0" encoding="UTF-8"?>
<testsuite name="com.midodook.book.springboot.web.IndexControllerTest" tests="1" skipped="0" failures="0" errors="0" timestamp="2022-04-21T08:44:50" hostname="D2HG7VM9N3" time="0.154">
  <properties/>
  <testcase name="메인페이지_로딩" classname="com.midodook.book.springboot.web.IndexControllerTest" time="0.154"/>
  <system-out><![CDATA[2022-04-21 17:44:48.406  INFO 8169 --- [    Test worker] .b.t.c.SpringBootTestContextBootstrapper : Neither @ContextConfiguration nor @ContextHierarchy found for test class [com.midodook.book.springboot.web.IndexControllerTest], using SpringBootContextLoader
2022-04-21 17:44:48.406  INFO 8169 --- [    Test worker] o.s.t.c.support.AbstractContextLoader    : Could not detect default resource locations for test class [com.midodook.book.springboot.web.IndexControllerTest]: no resource found for suffixes {-context.xml, Context.groovy}.
2022-04-21 17:44:48.406  INFO 8169 --- [    Test worker] t.c.s.AnnotationConfigContextLoaderUtils : Could not detect default configuration classes for test class [com.midodook.book.springboot.web.IndexControllerTest]: IndexControllerTest does not declare any static, non-private, non-final, nested classes annotated with @Configuration.
2022-04-21 17:44:48.407  INFO 8169 --- [    Test worker] .b.t.c.SpringBootTestContextBootstrapper : Found @SpringBootConfiguration com.midodook.book.springboot.Application for test class com.midodook.book.springboot.web.IndexControllerTest
2022-04-21 17:44:48.408  INFO 8169 --- [    Test worker] .b.t.c.SpringBootTestContextBootstrapper : Loaded default TestExecutionListener class names from location [META-INF/spring.factories]: [org.springframework.security.test.context.support.WithSecurityContextTestExecutionListener, org.springframework.security.test.context.support.ReactorContextTestExecutionListener, org.springframework.boot.test.autoconfigure.restdocs.RestDocsTestExecutionListener, org.springframework.boot.test.autoconfigure.web.client.MockRestServiceServerResetTestExecutionListener, org.springframework.boot.test.autoconfigure.web.servlet.MockMvcPrintOnlyOnFailureTestExecutionListener, org.springframework.boot.test.autoconfigure.web.servlet.WebDriverTestExecutionListener, org.springframework.boot.test.mock.mockito.MockitoTestExecutionListener, org.springframework.boot.test.mock.mockito.ResetMocksTestExecutionListener, org.springframework.test.context.web.ServletTestExecutionListener, org.springframework.test.context.support.DirtiesContextBeforeModesTestExecutionListener, org.springframework.test.context.support.DependencyInjectionTestExecutionListener, org.springframework.test.context.support.DirtiesContextTestExecutionListener, org.springframework.test.context.transaction.TransactionalTestExecutionListener, org.springframework.test.context.jdbc.SqlScriptsTestExecutionListener]
2022-04-21 17:44:48.408  INFO 8169 --- [    Test worker] .b.t.c.SpringBootTestContextBootstrapper : Using TestExecutionListeners: [org.springframework.test.context.web.ServletTestExecutionListener@1a32b3c5, org.springframework.test.context.support.DirtiesContextBeforeModesTestExecutionListener@7d475ea4, org.springframework.boot.test.mock.mockito.MockitoTestExecutionListener@4cedf733, org.springframework.boot.test.autoconfigure.SpringBootDependencyInjectionTestExecutionListener@70fe5bdd, org.springframework.test.context.support.DirtiesContextTestExecutionListener@7f5d629c, org.springframework.test.context.transaction.TransactionalTestExecutionListener@38a8a1ad, org.springframework.test.context.jdbc.SqlScriptsTestExecutionListener@1b5f9de4, org.springframework.security.test.context.support.WithSecurityContextTestExecutionListener@19fd1de1, org.springframework.security.test.context.support.ReactorContextTestExecutionListener@d20d5c0, org.springframework.boot.test.autoconfigure.restdocs.RestDocsTestExecutionListener@70f8a800, org.springframework.boot.test.autoconfigure.web.client.MockRestServiceServerResetTestExecutionListener@172fbb46, org.springframework.boot.test.autoconfigure.web.servlet.MockMvcPrintOnlyOnFailureTestExecutionListener@66ccae57, org.springframework.boot.test.autoconfigure.web.servlet.WebDriverTestExecutionListener@6dc9f99b, org.springframework.boot.test.mock.mockito.ResetMocksTestExecutionListener@5844f48a]

  .   ____          _            __ _ _
 /\\ / ___'_ __ _ _(_)_ __  __ _ \ \ \ \
( ( )\___ | '_ | '_| | '_ \/ _` | \ \ \ \
 \\/  ___)| |_)| | | | | || (_| |  ) ) ) )
  '  |____| .__|_| |_|_| |_\__, | / / / /
 =========|_|==============|___/=/_/_/_/
 :: Spring Boot ::        (v2.1.7.RELEASE)

2022-04-21 17:44:48.422  INFO 8169 --- [    Test worker] c.m.b.s.web.IndexControllerTest          : Starting IndexControllerTest on D2HG7VM9N3 with PID 8169 (started by 1111042 in /Users/1111042/IdeaProjects/midodook)
2022-04-21 17:44:48.422  INFO 8169 --- [    Test worker] c.m.b.s.web.IndexControllerTest          : The following profiles are active: oauth
2022-04-21 17:44:48.557  INFO 8169 --- [    Test worker] .s.d.r.c.RepositoryConfigurationDelegate : Bootstrapping Spring Data repositories in DEFAULT mode.
2022-04-21 17:44:48.606  INFO 8169 --- [    Test worker] .s.d.r.c.RepositoryConfigurationDelegate : Finished Spring Data repository scanning in 46ms. Found 2 repository interfaces.
2022-04-21 17:44:48.778  INFO 8169 --- [    Test worker] trationDelegate$BeanPostProcessorChecker : Bean 'org.springframework.transaction.annotation.ProxyTransactionManagementConfiguration' of type [org.springframework.transaction.annotation.ProxyTransactionManagementConfiguration$$EnhancerBySpringCGLIB$$c3820ce7] is not eligible for getting processed by all BeanPostProcessors (for example: not eligible for auto-proxying)
2022-04-21 17:44:48.959  INFO 8169 --- [    Test worker] o.s.b.w.embedded.tomcat.TomcatWebServer  : Tomcat initialized with port(s): 0 (http)
2022-04-21 17:44:48.972  INFO 8169 --- [    Test worker] o.apache.catalina.core.StandardService   : Starting service [Tomcat]
2022-04-21 17:44:48.972  INFO 8169 --- [    Test worker] org.apache.catalina.core.StandardEngine  : Starting Servlet engine: [Apache Tomcat/9.0.22]
2022-04-21 17:44:49.077  INFO 8169 --- [    Test worker] o.a.c.c.C.[Tomcat].[localhost].[/]       : Initializing Spring embedded WebApplicationContext
2022-04-21 17:44:49.078  INFO 8169 --- [    Test worker] o.s.web.context.ContextLoader            : Root WebApplicationContext: initialization completed in 655 ms
2022-04-21 17:44:49.197  INFO 8169 --- [    Test worker] com.zaxxer.hikari.HikariDataSource       : HikariPool-1 - Starting...
2022-04-21 17:44:49.276  INFO 8169 --- [    Test worker] com.zaxxer.hikari.HikariDataSource       : HikariPool-1 - Start completed.
2022-04-21 17:44:49.334  INFO 8169 --- [    Test worker] o.hibernate.jpa.internal.util.LogHelper  : HHH000204: Processing PersistenceUnitInfo [
	name: default
	...]
2022-04-21 17:44:49.362  INFO 8169 --- [    Test worker] org.hibernate.Version                    : HHH000412: Hibernate Core {5.3.10.Final}
2022-04-21 17:44:49.363  INFO 8169 --- [    Test worker] org.hibernate.cfg.Environment            : HHH000206: hibernate.properties not found
2022-04-21 17:44:49.446  INFO 8169 --- [    Test worker] o.hibernate.annotations.common.Version   : HCANN000001: Hibernate Commons Annotations {5.0.4.Final}
2022-04-21 17:44:49.517  INFO 8169 --- [    Test worker] org.hibernate.dialect.Dialect            : HHH000400: Using dialect: org.hibernate.dialect.MySQL55Dialect
Hibernate: drop table if exists posts
Hibernate: drop table if exists user
Hibernate: create table posts (id bigint not null auto_increment, created_date datetime, modified_date datetime, author varchar(255), content TEXT not null, title varchar(500) not null, primary key (id)) engine=InnoDB
Hibernate: create table user (id bigint not null auto_increment, created_date datetime, modified_date datetime, email varchar(255) not null, name varchar(255) not null, picture varchar(255), role varchar(255) not null, primary key (id)) engine=InnoDB
2022-04-21 17:44:49.858  INFO 8169 --- [    Test worker] o.h.t.schema.internal.SchemaCreatorImpl  : HHH000476: Executing import script 'org.hibernate.tool.schema.internal.exec.ScriptSourceInputNonExistentImpl@3b5103b3'
2022-04-21 17:44:49.861  INFO 8169 --- [    Test worker] j.LocalContainerEntityManagerFactoryBean : Initialized JPA EntityManagerFactory for persistence unit 'default'
2022-04-21 17:44:50.288  INFO 8169 --- [    Test worker] o.h.h.i.QueryTranslatorFactoryInitiator  : HHH000397: Using ASTQueryTranslatorFactory
2022-04-21 17:44:50.474  INFO 8169 --- [    Test worker] o.s.s.web.DefaultSecurityFilterChain     : Creating filter chain: any request, [org.springframework.security.web.context.request.async.WebAsyncManagerIntegrationFilter@18d47d2d, org.springframework.security.web.context.SecurityContextPersistenceFilter@4a64ca1c, org.springframework.security.web.header.HeaderWriterFilter@6b2e78e7, org.springframework.security.web.authentication.logout.LogoutFilter@741dbe05, org.springframework.security.oauth2.client.web.OAuth2AuthorizationRequestRedirectFilter@2953b829, org.springframework.security.oauth2.client.web.OAuth2LoginAuthenticationFilter@787f12f, org.springframework.security.web.authentication.ui.DefaultLoginPageGeneratingFilter@64bebf52, org.springframework.security.web.authentication.ui.DefaultLogoutPageGeneratingFilter@6d1c0fdf, org.springframework.security.web.savedrequest.RequestCacheAwareFilter@1d08ae54, org.springframework.security.web.servletapi.SecurityContextHolderAwareRequestFilter@6100d796, org.springframework.security.web.authentication.AnonymousAuthenticationFilter@6fc59a98, org.springframework.security.web.session.SessionManagementFilter@57c8f7cb, org.springframework.security.web.access.ExceptionTranslationFilter@7a3b1666, org.springframework.security.web.access.intercept.FilterSecurityInterceptor@38cecd8e]
2022-04-21 17:44:50.645  INFO 8169 --- [    Test worker] o.s.s.concurrent.ThreadPoolTaskExecutor  : Initializing ExecutorService 'applicationTaskExecutor'
2022-04-21 17:44:50.679  WARN 8169 --- [    Test worker] aWebConfiguration$JpaWebMvcConfiguration : spring.jpa.open-in-view is enabled by default. Therefore, database queries may be performed during view rendering. Explicitly configure spring.jpa.open-in-view to disable this warning
2022-04-21 17:44:50.705  INFO 8169 --- [    Test worker] o.s.b.a.w.s.WelcomePageHandlerMapping    : Adding welcome page template: index
2022-04-21 17:44:50.863  INFO 8169 --- [    Test worker] s.a.ScheduledAnnotationBeanPostProcessor : No TaskScheduler/ScheduledExecutorService bean found for scheduled processing
2022-04-21 17:44:50.877  INFO 8169 --- [    Test worker] o.s.b.w.embedded.tomcat.TomcatWebServer  : Tomcat started on port(s): 63051 (http) with context path ''
2022-04-21 17:44:50.878  INFO 8169 --- [    Test worker] c.m.b.s.web.IndexControllerTest          : Started IndexControllerTest in 2.469 seconds (JVM running for 3.913)
2022-04-21 17:44:50.953  INFO 8169 --- [o-auto-1-exec-1] o.a.c.c.C.[Tomcat].[localhost].[/]       : Initializing Spring DispatcherServlet 'dispatcherServlet'
2022-04-21 17:44:50.953  INFO 8169 --- [o-auto-1-exec-1] o.s.web.servlet.DispatcherServlet        : Initializing Servlet 'dispatcherServlet'
2022-04-21 17:44:50.962  INFO 8169 --- [o-auto-1-exec-1] o.s.web.servlet.DispatcherServlet        : Completed initialization in 9 ms
Hibernate: select posts0_.id as id1_0_, posts0_.created_date as created_2_0_, posts0_.modified_date as modified3_0_, posts0_.author as author4_0_, posts0_.content as content5_0_, posts0_.title as title6_0_ from posts posts0_ order by posts0_.id DESC
]]></system-out>
  <system-err><![CDATA[]]></system-err>
</testsuite>
