<?xml version="1.0" encoding="UTF-8"?>
<testsuite name="com.midodook.book.springboot.domain.posts.PostsRepositoryTest" tests="2" skipped="0" failures="0" errors="0" timestamp="2022-04-21T08:44:51" hostname="D2HG7VM9N3" time="0.011">
  <properties/>
  <testcase name="게시글저장_불러오기" classname="com.midodook.book.springboot.domain.posts.PostsRepositoryTest" time="0.008"/>
  <testcase name="BaseTimeEntity_등록" classname="com.midodook.book.springboot.domain.posts.PostsRepositoryTest" time="0.003"/>
  <system-out><![CDATA[2022-04-21 17:44:51.178  INFO 8169 --- [    Test worker] .b.t.c.SpringBootTestContextBootstrapper : Neither @ContextConfiguration nor @ContextHierarchy found for test class [com.midodook.book.springboot.domain.posts.PostsRepositoryTest], using SpringBootContextLoader
2022-04-21 17:44:51.179  INFO 8169 --- [    Test worker] o.s.t.c.support.AbstractContextLoader    : Could not detect default resource locations for test class [com.midodook.book.springboot.domain.posts.PostsRepositoryTest]: no resource found for suffixes {-context.xml, Context.groovy}.
2022-04-21 17:44:51.179  INFO 8169 --- [    Test worker] t.c.s.AnnotationConfigContextLoaderUtils : Could not detect default configuration classes for test class [com.midodook.book.springboot.domain.posts.PostsRepositoryTest]: PostsRepositoryTest does not declare any static, non-private, non-final, nested classes annotated with @Configuration.
2022-04-21 17:44:51.194  INFO 8169 --- [    Test worker] .b.t.c.SpringBootTestContextBootstrapper : Found @SpringBootConfiguration com.midodook.book.springboot.Application for test class com.midodook.book.springboot.domain.posts.PostsRepositoryTest
2022-04-21 17:44:51.195  INFO 8169 --- [    Test worker] .b.t.c.SpringBootTestContextBootstrapper : Loaded default TestExecutionListener class names from location [META-INF/spring.factories]: [org.springframework.security.test.context.support.WithSecurityContextTestExecutionListener, org.springframework.security.test.context.support.ReactorContextTestExecutionListener, org.springframework.boot.test.autoconfigure.restdocs.RestDocsTestExecutionListener, org.springframework.boot.test.autoconfigure.web.client.MockRestServiceServerResetTestExecutionListener, org.springframework.boot.test.autoconfigure.web.servlet.MockMvcPrintOnlyOnFailureTestExecutionListener, org.springframework.boot.test.autoconfigure.web.servlet.WebDriverTestExecutionListener, org.springframework.boot.test.mock.mockito.MockitoTestExecutionListener, org.springframework.boot.test.mock.mockito.ResetMocksTestExecutionListener, org.springframework.test.context.web.ServletTestExecutionListener, org.springframework.test.context.support.DirtiesContextBeforeModesTestExecutionListener, org.springframework.test.context.support.DependencyInjectionTestExecutionListener, org.springframework.test.context.support.DirtiesContextTestExecutionListener, org.springframework.test.context.transaction.TransactionalTestExecutionListener, org.springframework.test.context.jdbc.SqlScriptsTestExecutionListener]
2022-04-21 17:44:51.196  INFO 8169 --- [    Test worker] .b.t.c.SpringBootTestContextBootstrapper : Using TestExecutionListeners: [org.springframework.test.context.web.ServletTestExecutionListener@4574e10, org.springframework.test.context.support.DirtiesContextBeforeModesTestExecutionListener@1c6807c0, org.springframework.boot.test.mock.mockito.MockitoTestExecutionListener@38bbd485, org.springframework.boot.test.autoconfigure.SpringBootDependencyInjectionTestExecutionListener@2fba287c, org.springframework.test.context.support.DirtiesContextTestExecutionListener@1123d455, org.springframework.test.context.transaction.TransactionalTestExecutionListener@4da987b6, org.springframework.test.context.jdbc.SqlScriptsTestExecutionListener@2bd07d7a, org.springframework.security.test.context.support.WithSecurityContextTestExecutionListener@555759b4, org.springframework.security.test.context.support.ReactorContextTestExecutionListener@5ad9be37, org.springframework.boot.test.autoconfigure.restdocs.RestDocsTestExecutionListener@5bcc06ed, org.springframework.boot.test.autoconfigure.web.client.MockRestServiceServerResetTestExecutionListener@73df9b43, org.springframework.boot.test.autoconfigure.web.servlet.MockMvcPrintOnlyOnFailureTestExecutionListener@1c2af675, org.springframework.boot.test.autoconfigure.web.servlet.WebDriverTestExecutionListener@b15dbc1, org.springframework.boot.test.mock.mockito.ResetMocksTestExecutionListener@30d54f20]

  .   ____          _            __ _ _
 /\\ / ___'_ __ _ _(_)_ __  __ _ \ \ \ \
( ( )\___ | '_ | '_| | '_ \/ _` | \ \ \ \
 \\/  ___)| |_)| | | | | || (_| |  ) ) ) )
  '  |____| .__|_| |_|_| |_\__, | / / / /
 =========|_|==============|___/=/_/_/_/
 :: Spring Boot ::        (v2.1.7.RELEASE)

2022-04-21 17:44:51.206  INFO 8169 --- [    Test worker] c.m.b.s.d.posts.PostsRepositoryTest      : Starting PostsRepositoryTest on D2HG7VM9N3 with PID 8169 (started by 1111042 in /Users/1111042/IdeaProjects/midodook)
2022-04-21 17:44:51.207  INFO 8169 --- [    Test worker] c.m.b.s.d.posts.PostsRepositoryTest      : The following profiles are active: oauth
2022-04-21 17:44:51.294  INFO 8169 --- [    Test worker] .s.d.r.c.RepositoryConfigurationDelegate : Bootstrapping Spring Data repositories in DEFAULT mode.
2022-04-21 17:44:51.317  INFO 8169 --- [    Test worker] .s.d.r.c.RepositoryConfigurationDelegate : Finished Spring Data repository scanning in 22ms. Found 2 repository interfaces.
2022-04-21 17:44:51.355  INFO 8169 --- [    Test worker] trationDelegate$BeanPostProcessorChecker : Bean 'org.springframework.transaction.annotation.ProxyTransactionManagementConfiguration' of type [org.springframework.transaction.annotation.ProxyTransactionManagementConfiguration$$EnhancerBySpringCGLIB$$c3820ce7] is not eligible for getting processed by all BeanPostProcessors (for example: not eligible for auto-proxying)
2022-04-21 17:44:51.400  INFO 8169 --- [    Test worker] com.zaxxer.hikari.HikariDataSource       : HikariPool-2 - Starting...
2022-04-21 17:44:51.401  INFO 8169 --- [    Test worker] com.zaxxer.hikari.HikariDataSource       : HikariPool-2 - Start completed.
2022-04-21 17:44:51.415  INFO 8169 --- [    Test worker] o.hibernate.jpa.internal.util.LogHelper  : HHH000204: Processing PersistenceUnitInfo [
	name: default
	...]
2022-04-21 17:44:51.424  INFO 8169 --- [    Test worker] org.hibernate.dialect.Dialect            : HHH000400: Using dialect: org.hibernate.dialect.MySQL55Dialect
Hibernate: drop table if exists posts
Hibernate: drop table if exists user
Hibernate: create table posts (id bigint not null auto_increment, created_date datetime, modified_date datetime, author varchar(255), content TEXT not null, title varchar(500) not null, primary key (id)) engine=InnoDB
Hibernate: create table user (id bigint not null auto_increment, created_date datetime, modified_date datetime, email varchar(255) not null, name varchar(255) not null, picture varchar(255), role varchar(255) not null, primary key (id)) engine=InnoDB
2022-04-21 17:44:51.444  INFO 8169 --- [    Test worker] o.h.t.schema.internal.SchemaCreatorImpl  : HHH000476: Executing import script 'org.hibernate.tool.schema.internal.exec.ScriptSourceInputNonExistentImpl@3b5103b3'
2022-04-21 17:44:51.444  INFO 8169 --- [    Test worker] j.LocalContainerEntityManagerFactoryBean : Initialized JPA EntityManagerFactory for persistence unit 'default'
2022-04-21 17:44:51.515  INFO 8169 --- [    Test worker] o.h.h.i.QueryTranslatorFactoryInitiator  : HHH000397: Using ASTQueryTranslatorFactory
2022-04-21 17:44:51.566  INFO 8169 --- [    Test worker] o.s.s.web.DefaultSecurityFilterChain     : Creating filter chain: any request, [org.springframework.security.web.context.request.async.WebAsyncManagerIntegrationFilter@297e40ce, org.springframework.security.web.context.SecurityContextPersistenceFilter@e81102c, org.springframework.security.web.header.HeaderWriterFilter@3ee84d93, org.springframework.security.web.authentication.logout.LogoutFilter@2eecefcf, org.springframework.security.oauth2.client.web.OAuth2AuthorizationRequestRedirectFilter@66eb8781, org.springframework.security.oauth2.client.web.OAuth2LoginAuthenticationFilter@620843a, org.springframework.security.web.authentication.ui.DefaultLoginPageGeneratingFilter@286a9a9e, org.springframework.security.web.authentication.ui.DefaultLogoutPageGeneratingFilter@2946f998, org.springframework.security.web.savedrequest.RequestCacheAwareFilter@792f2d69, org.springframework.security.web.servletapi.SecurityContextHolderAwareRequestFilter@5d7630a, org.springframework.security.web.authentication.AnonymousAuthenticationFilter@132ba4be, org.springframework.security.web.session.SessionManagementFilter@5f1e41d7, org.springframework.security.web.access.ExceptionTranslationFilter@6072f560, org.springframework.security.web.access.intercept.FilterSecurityInterceptor@7b5f6cfd]
2022-04-21 17:44:51.670  INFO 8169 --- [    Test worker] o.s.s.concurrent.ThreadPoolTaskExecutor  : Initializing ExecutorService 'applicationTaskExecutor'
2022-04-21 17:44:51.675  WARN 8169 --- [    Test worker] aWebConfiguration$JpaWebMvcConfiguration : spring.jpa.open-in-view is enabled by default. Therefore, database queries may be performed during view rendering. Explicitly configure spring.jpa.open-in-view to disable this warning
2022-04-21 17:44:51.688  INFO 8169 --- [    Test worker] o.s.b.a.w.s.WelcomePageHandlerMapping    : Adding welcome page template: index
2022-04-21 17:44:51.811  INFO 8169 --- [    Test worker] s.a.ScheduledAnnotationBeanPostProcessor : No TaskScheduler/ScheduledExecutorService bean found for scheduled processing
2022-04-21 17:44:51.812  INFO 8169 --- [    Test worker] c.m.b.s.d.posts.PostsRepositoryTest      : Started PostsRepositoryTest in 0.616 seconds (JVM running for 4.847)
Hibernate: insert into posts (created_date, modified_date, author, content, title) values (?, ?, ?, ?, ?)
Hibernate: select posts0_.id as id1_0_, posts0_.created_date as created_2_0_, posts0_.modified_date as modified3_0_, posts0_.author as author4_0_, posts0_.content as content5_0_, posts0_.title as title6_0_ from posts posts0_
Hibernate: select posts0_.id as id1_0_, posts0_.created_date as created_2_0_, posts0_.modified_date as modified3_0_, posts0_.author as author4_0_, posts0_.content as content5_0_, posts0_.title as title6_0_ from posts posts0_
Hibernate: delete from posts where id=?
Hibernate: insert into posts (created_date, modified_date, author, content, title) values (?, ?, ?, ?, ?)
Hibernate: select posts0_.id as id1_0_, posts0_.created_date as created_2_0_, posts0_.modified_date as modified3_0_, posts0_.author as author4_0_, posts0_.content as content5_0_, posts0_.title as title6_0_ from posts posts0_
>>>>>>>>> createDate=2022-04-21T17:44:51.822, modifiedDate=2022-04-21T17:44:51.822
Hibernate: select posts0_.id as id1_0_, posts0_.created_date as created_2_0_, posts0_.modified_date as modified3_0_, posts0_.author as author4_0_, posts0_.content as content5_0_, posts0_.title as title6_0_ from posts posts0_
Hibernate: delete from posts where id=?
]]></system-out>
  <system-err><![CDATA[]]></system-err>
</testsuite>
