<?xml version="1.0" encoding="UTF-8"?>
<testsuite name="com.midodook.book.springboot.web.dto.HelloResponseDtoTest" tests="1" skipped="0" failures="0" errors="0" timestamp="2022-04-21T08:44:48" hostname="D2HG7VM9N3" time="0.019">
  <properties/>
  <testcase name="롬복_기능_테스트" classname="com.midodook.book.springboot.web.dto.HelloResponseDtoTest" time="0.019"/>
  <system-out><![CDATA[]]></system-out>
  <system-err><![CDATA[]]></system-err>
</testsuite>
